Looking for git in: git
Using git 2.20.1 from git
> git rev-parse --git-dir
Open repository: /home/vnedina-
> git status -z -u
> git symbolic-ref --short HEAD
> git rev-parse main
> git rev-parse --symbolic-full-name main@{u}
> git rev-list --left-right main...refs/remotes/origin/main
> git for-each-ref --sort -committerdate --format %(refname) %(objectname)
> git remote --verbose
> git config --get commit.template
> git show --textconv :C_04/ex03/ft_atoi.c
> git ls-files --stage -- /home/vnedina-/C_04/ex03/ft_atoi.c
> git check-ignore -v -z --stdin
> git check-ignore -v -z --stdin
> git check-ignore -v -z --stdin
> git show --textconv :C_02/ex01/ft_strncpy.c
> git ls-files --stage -- /home/vnedina-/C_02/ex01/ft_strncpy.c
> git check-ignore -v -z --stdin
> git check-ignore -v -z --stdin
> git show --textconv :c02 (1).txt
> git ls-files --stage -- /home/vnedina-/c02 (1).txt
> git check-ignore -v -z --stdin
> git check-ignore -v -z --stdin
> git check-ignore -v -z --stdin
> git check-ignore -v -z --stdin
> git show --textconv :Avaliações/apaduan-/ex00/ft_strcpy.c
> git ls-files --stage -- /home/vnedina-/Avaliações/apaduan-/ex00/ft_strcpy.c
> git show --textconv :c02 (1).txt
> git ls-files --stage -- /home/vnedina-/c02 (1).txt
> git check-ignore -v -z --stdin
> git show --textconv :Avaliações/apaduan-/ex00/ft_strcpy.c
> git ls-files --stage -- /home/vnedina-/Avaliações/apaduan-/ex00/ft_strcpy.c
> git check-ignore -v -z --stdin
> git check-ignore -v -z --stdin
> git check-ignore -v -z --stdin
> git check-ignore -v -z --stdin
> git show --textconv :C_04/ex00/ft_strlen.c
> git ls-files --stage -- /home/vnedina-/C_04/ex00/ft_strlen.c
> git check-ignore -v -z --stdin
> git show --textconv :Avaliações/apaduan-/ex00/ft_strcpy.c
> git ls-files --stage -- /home/vnedina-/Avaliações/apaduan-/ex00/ft_strcpy.c
> git show --textconv :Avaliações/apaduan-/ex01/ft_strncpy.c
> git ls-files --stage -- /home/vnedina-/Avaliações/apaduan-/ex01/ft_strncpy.c
> git show --textconv :c02 (1).txt
> git ls-files --stage -- /home/vnedina-/c02 (1).txt
> git show --textconv :Avaliações/apaduan-/ex01/ft_strncpy.c
> git ls-files --stage -- /home/vnedina-/Avaliações/apaduan-/ex01/ft_strncpy.c
> git show --textconv :C_02/ex01/ft_strncpy.c
> git ls-files --stage -- /home/vnedina-/C_02/ex01/ft_strncpy.c
> git check-ignore -v -z --stdin
> git show --textconv :Avaliações/apaduan-/ex01/ft_strncpy.c
> git ls-files --stage -- /home/vnedina-/Avaliações/apaduan-/ex01/ft_strncpy.c
> git check-ignore -v -z --stdin
> git show --textconv :C_02/ex01/ft_strncpy.c
> git ls-files --stage -- /home/vnedina-/C_02/ex01/ft_strncpy.c
> git show --textconv :C_02/ex01/main.c
> git ls-files --stage -- /home/vnedina-/C_02/ex01/main.c
> git show --textconv :C_02/ex01/ft_strncpy.c
> git ls-files --stage -- /home/vnedina-/C_02/ex01/ft_strncpy.c
> git show --textconv :C_02/ex01/main.c
> git ls-files --stage -- /home/vnedina-/C_02/ex01/main.c
> git show --textconv :C_02/ex01/ft_strncpy.c
> git ls-files --stage -- /home/vnedina-/C_02/ex01/ft_strncpy.c
> git check-ignore -v -z --stdin
> git check-ignore -v -z --stdin
> git show --textconv :Avaliações/apaduan-/ex09/ft_strcapitalize.c
> git ls-files --stage -- /home/vnedina-/Avaliações/apaduan-/ex09/ft_strcapitalize.c
> git check-ignore -v -z --stdin
> git show --textconv :Avaliações/apaduan-/ex00/ft_strcpy.c
> git ls-files --stage -- /home/vnedina-/Avaliações/apaduan-/ex00/ft_strcpy.c
> git show --textconv :Avaliações/apaduan-/ex09/ft_strcapitalize.c
> git ls-files --stage -- /home/vnedina-/Avaliações/apaduan-/ex09/ft_strcapitalize.c
> git show --textconv :C_02/ex01/main.c
> git ls-files --stage -- /home/vnedina-/C_02/ex01/main.c
> git check-ignore -v -z --stdin
> git check-ignore -v -z --stdin
> git check-ignore -v -z --stdin
> git check-ignore -v -z --stdin
> git show --textconv :C_02/ex03/ft_str_is_numeric.c
> git ls-files --stage -- /home/vnedina-/C_02/ex03/ft_str_is_numeric.c
> git check-ignore -v -z --stdin
