Looking for git in: git
Using git 2.20.1 from git
> git rev-parse --git-dir
Open repository: /home/vnedina-
> git status -z -u
> git symbolic-ref --short HEAD
> git rev-parse main
> git rev-parse --symbolic-full-name main@{u}
> git rev-list --left-right main...refs/remotes/origin/main
> git for-each-ref --sort -committerdate --format %(refname) %(objectname)
> git remote --verbose
> git config --get commit.template
> git show --textconv :C_02/ex03/ft_str_is_numeric.c
> git ls-files --stage -- /home/vnedina-/C_02/ex03/ft_str_is_numeric.c
> git check-ignore -v -z --stdin
> git check-ignore -v -z --stdin
> git check-ignore -v -z --stdin
> git show --textconv :C_04/ex03/ft_atoi.c
> git ls-files --stage -- /home/vnedina-/C_04/ex03/ft_atoi.c
> git check-ignore -v -z --stdin
> git check-ignore -v -z --stdin
> git check-ignore -v -z --stdin
> git show --textconv :Avaliações/mmoreira_C02/ex09/ft_strcapitalize.c
> git ls-files --stage -- /home/vnedina-/Avaliações/mmoreira_C02/ex09/ft_strcapitalize.c
> git check-ignore -v -z --stdin
> git check-ignore -v -z --stdin
> git check-ignore -v -z --stdin
> git check-ignore -v -z --stdin
> git check-ignore -v -z --stdin
> git check-ignore -v -z --stdin
> git check-ignore -v -z --stdin
> git check-ignore -v -z --stdin
> git check-ignore -v -z --stdin
> git check-ignore -v -z --stdin
> git show --textconv :Avaliações/dtupinam/ex07/ft_strupcase.c
> git ls-files --stage -- /home/vnedina-/Avaliações/dtupinam/ex07/ft_strupcase.c
> git show --textconv :Avaliações/dtupinam/ex09/ft_strcapitalize.c
> git ls-files --stage -- /home/vnedina-/Avaliações/dtupinam/ex09/ft_strcapitalize.c
> git check-ignore -v -z --stdin
> git check-ignore -v -z --stdin
> git show --textconv :C_04/ex00/ft_strlen.c
> git ls-files --stage -- /home/vnedina-/C_04/ex00/ft_strlen.c
> git show --textconv :C_04/ex00/main.c
> git ls-files --stage -- /home/vnedina-/C_04/ex00/main.c
> git check-ignore -v -z --stdin
> git show --textconv :C_04/ex01/ft_putstr.c
> git ls-files --stage -- /home/vnedina-/C_04/ex01/ft_putstr.c
> git show --textconv :C_04/ex01/main.c
> git ls-files --stage -- /home/vnedina-/C_04/ex01/main.c
> git check-ignore -v -z --stdin
> git show --textconv :C_04/ex02/ft_putnbr.c
> git ls-files --stage -- /home/vnedina-/C_04/ex02/ft_putnbr.c
> git show --textconv :C_04/ex02/main.c
> git ls-files --stage -- /home/vnedina-/C_04/ex02/main.c
> git show --textconv :C_04/ex03/ft_atoi.c
> git ls-files --stage -- /home/vnedina-/C_04/ex03/ft_atoi.c
> git check-ignore -v -z --stdin
> git check-ignore -v -z --stdin
> git check-ignore -v -z --stdin
> git show --textconv :Avaliações/dtupinam/ex12/ft_print_memory.c
> git ls-files --stage -- /home/vnedina-/Avaliações/dtupinam/ex12/ft_print_memory.c
> git show --textconv :Avaliações/dtupinam/ex11/ft_putstr_non_printable.c
> git ls-files --stage -- /home/vnedina-/Avaliações/dtupinam/ex11/ft_putstr_non_printable.c
> git show --textconv :Comandos.txt
> git ls-files --stage -- /home/vnedina-/Comandos.txt
> git show --textconv :C02
> git ls-files --stage -- /home/vnedina-/C02
> git check-ignore -v -z --stdin
> git show --textconv :C_04/ex02/ft_putnbr.c
> git ls-files --stage -- /home/vnedina-/C_04/ex02/ft_putnbr.c
> git show --textconv :C_04/ex03/ft_atoi.c
> git ls-files --stage -- /home/vnedina-/C_04/ex03/ft_atoi.c
> git show --textconv :Avaliações/mmoreira_C02/ex09/ft_strcapitalize.c
> git ls-files --stage -- /home/vnedina-/Avaliações/mmoreira_C02/ex09/ft_strcapitalize.c
> git show --textconv :Avaliações/mmoreira_C02/ex10/ft_strlcpy.c
> git ls-files --stage -- /home/vnedina-/Avaliações/mmoreira_C02/ex10/ft_strlcpy.c
> git show --textconv :Avaliações/mmoreira_C02/ex09/ft_strcapitalize.c
> git ls-files --stage -- /home/vnedina-/Avaliações/mmoreira_C02/ex09/ft_strcapitalize.c
> git show --textconv :Avaliações/dtupinam/ex09/ft_strcapitalize.c
> git ls-files --stage -- /home/vnedina-/Avaliações/dtupinam/ex09/ft_strcapitalize.c
> git show --textconv :C_04/ex03/ft_atoi.c
> git ls-files --stage -- /home/vnedina-/C_04/ex03/ft_atoi.c
> git show --textconv :C_04/ex01/main.c
> git ls-files --stage -- /home/vnedina-/C_04/ex01/main.c
> git show --textconv :C_04/ex03/main.c
> git ls-files --stage -- /home/vnedina-/C_04/ex03/main.c
> git show --textconv :C_04/ex03/ft_atoi.c
> git ls-files --stage -- /home/vnedina-/C_04/ex03/ft_atoi.c
> git show --textconv :C_04/ex03/main.c
> git ls-files --stage -- /home/vnedina-/C_04/ex03/main.c
> git show --textconv :Comandos.txt
> git ls-files --stage -- /home/vnedina-/Comandos.txt
> git show --textconv :C02
> git ls-files --stage -- /home/vnedina-/C02
> git check-ignore -v -z --stdin
> git show --textconv :C_02/ex00/ft_strcpy.c
> git ls-files --stage -- /home/vnedina-/C_02/ex00/ft_strcpy.c
> git show --textconv :C_02/ex00/main.c
> git ls-files --stage -- /home/vnedina-/C_02/ex00/main.c
> git check-ignore -v -z --stdin
> git show --textconv :MainC02/main.c
> git ls-files --stage -- /home/vnedina-/MainC02/main.c
> git check-ignore -v -z --stdin
> git show --textconv :MainC02/main2eu.txt
> git ls-files --stage -- /home/vnedina-/MainC02/main2eu.txt
> git check-ignore -v -z --stdin
> git check-ignore -v -z --stdin
> git check-ignore -v -z --stdin
> git show --textconv :Main/main.eu.C02.txt
> git ls-files --stage -- /home/vnedina-/Main/main.eu.C02.txt
> git check-ignore -v -z --stdin
> git show --textconv :MainC02/main2eu.txt
> git ls-files --stage -- /home/vnedina-/MainC02/main2eu.txt
> git show --textconv :Main/main.eu.C02.txt
> git ls-files --stage -- /home/vnedina-/Main/main.eu.C02.txt
> git log --format=%H%n%aN%n%aE%n%at%n%ct%n%P%n%B -z -n21 -- /home/vnedina-/C_02/ex01/a.out
> git show --textconv :C_02/ex01/main.c
> git ls-files --stage -- /home/vnedina-/C_02/ex01/main.c
> git show --textconv :C_02/ex01/ft_strncpy.c
> git ls-files --stage -- /home/vnedina-/C_02/ex01/ft_strncpy.c
> git show --textconv :C_02/ex01/main.c
> git ls-files --stage -- /home/vnedina-/C_02/ex01/main.c
> git show --textconv :C_02/ex00/ft_strcpy.c
> git ls-files --stage -- /home/vnedina-/C_02/ex00/ft_strcpy.c
> git log --format=%H%n%aN%n%aE%n%at%n%ct%n%P%n%B -z -n21 -- /home/vnedina-/C_02/ex00/a.out
> git show --textconv :C_02/ex00/ft_strcpy.c
> git ls-files --stage -- /home/vnedina-/C_02/ex00/ft_strcpy.c
> git show --textconv :C_02/ex01/ft_strncpy.c
> git ls-files --stage -- /home/vnedina-/C_02/ex01/ft_strncpy.c
> git show --textconv :C_02/ex01/main.c
> git ls-files --stage -- /home/vnedina-/C_02/ex01/main.c
> git show --textconv :C_02/ex00/ft_strcpy.c
> git ls-files --stage -- /home/vnedina-/C_02/ex00/ft_strcpy.c
> git show --textconv :C_02/ex01/ft_strncpy.c
> git ls-files --stage -- /home/vnedina-/C_02/ex01/ft_strncpy.c
> git show --textconv :C_02/ex01/main.c
> git ls-files --stage -- /home/vnedina-/C_02/ex01/main.c
> git show --textconv :C_02/ex01/ft_strncpy.c
> git ls-files --stage -- /home/vnedina-/C_02/ex01/ft_strncpy.c
> git log --format=%H%n%aN%n%aE%n%at%n%ct%n%P%n%B -z -n21 -- /home/vnedina-/C_02/ex01/a.out
> git show --textconv :C_02/ex01/ft_strncpy.c
> git ls-files --stage -- /home/vnedina-/C_02/ex01/ft_strncpy.c
> git check-ignore -v -z --stdin
> git log --format=%H%n%aN%n%aE%n%at%n%ct%n%P%n%B -z -n21 -- /home/vnedina-/C_02/ex02/a.out
> git show --textconv :C_02/ex02/ft_str_is_alpha.c
> git ls-files --stage -- /home/vnedina-/C_02/ex02/ft_str_is_alpha.c
> git show --textconv :C_02/ex02/main.c
> git ls-files --stage -- /home/vnedina-/C_02/ex02/main.c
> git show --textconv :C_02/ex02/ft_str_is_alpha.c
> git ls-files --stage -- /home/vnedina-/C_02/ex02/ft_str_is_alpha.c
> git show --textconv :C_02/ex03/ft_str_is_numeric.c
> git ls-files --stage -- /home/vnedina-/C_02/ex03/ft_str_is_numeric.c
> git show --textconv :C_02/ex02/ft_str_is_alpha.c
> git ls-files --stage -- /home/vnedina-/C_02/ex02/ft_str_is_alpha.c
> git show --textconv :C_02/ex03/ft_str_is_numeric.c
> git ls-files --stage -- /home/vnedina-/C_02/ex03/ft_str_is_numeric.c
> git log --format=%H%n%aN%n%aE%n%at%n%ct%n%P%n%B -z -n21 -- /home/vnedina-/C_02/ex03/a.out
> git show --textconv :C_02/ex03/ft_str_is_numeric.c
> git ls-files --stage -- /home/vnedina-/C_02/ex03/ft_str_is_numeric.c
> git show --textconv :Main/main.eu.C02.txt
> git ls-files --stage -- /home/vnedina-/Main/main.eu.C02.txt
> git show --textconv :C02
> git ls-files --stage -- /home/vnedina-/C02
> git check-ignore -v -z --stdin
> git show --textconv :Main/C02
> git ls-files --stage -- /home/vnedina-/Main/C02
> git check-ignore -v -z --stdin
> git show --textconv :Main/C02_gunoguei
> git ls-files --stage -- /home/vnedina-/Main/C02_gunoguei
> git check-ignore -v -z --stdin
> git show --textconv :C_02/ex03/ft_str_is_numeric.c
> git ls-files --stage -- /home/vnedina-/C_02/ex03/ft_str_is_numeric.c
> git check-ignore -v -z --stdin
> git show --textconv :C_02/ex04/ft_str_is_lowercase.c
> git ls-files --stage -- /home/vnedina-/C_02/ex04/ft_str_is_lowercase.c
> git check-ignore -v -z --stdin
> git check-ignore -v -z --stdin
> git show --textconv :C_02/ex05/ft_str_is_uppercase.c
> git ls-files --stage -- /home/vnedina-/C_02/ex05/ft_str_is_uppercase.c
> git log --format=%H%n%aN%n%aE%n%at%n%ct%n%P%n%B -z -n21 -- /home/vnedina-/C_02/ex05/a.out
> git show --textconv :C_02/ex05/ft_str_is_uppercase.c
> git ls-files --stage -- /home/vnedina-/C_02/ex05/ft_str_is_uppercase.c
> git check-ignore -v -z --stdin
> git show --textconv :C_02/ex06/ft_str_is_printable.c
> git ls-files --stage -- /home/vnedina-/C_02/ex06/ft_str_is_printable.c
> git show --textconv :C_02/ex06/main.c
> git ls-files --stage -- /home/vnedina-/C_02/ex06/main.c
> git log --format=%H%n%aN%n%aE%n%at%n%ct%n%P%n%B -z -n21 -- /home/vnedina-/C_02/ex06/a.out
> git show --textconv :C_02/ex06/ft_str_is_printable.c
> git ls-files --stage -- /home/vnedina-/C_02/ex06/ft_str_is_printable.c
> git show --textconv :C_02/ex07/ft_strupcase
> git ls-files --stage -- /home/vnedina-/C_02/ex07/ft_strupcase
> git check-ignore -v -z --stdin
> git show --textconv :C_02/ex07/ft_strupcase.c
> git ls-files --stage -- /home/vnedina-/C_02/ex07/ft_strupcase.c
> git check-ignore -v -z --stdin
> git check-ignore -v -z --stdin
> git log --format=%H%n%aN%n%aE%n%at%n%ct%n%P%n%B -z -n21 -- /home/vnedina-/C_02/ex07/a.out
> git show --textconv :C_02/ex07/ft_strupcase.c
> git ls-files --stage -- /home/vnedina-/C_02/ex07/ft_strupcase.c
> git show --textconv :C_04/ex03/main.c
> git ls-files --stage -- /home/vnedina-/C_04/ex03/main.c
> git show --textconv :C_02/ex08/ft_strlowcase.c
> git ls-files --stage -- /home/vnedina-/C_02/ex08/ft_strlowcase.c
> git check-ignore -v -z --stdin
> git check-ignore -v -z --stdin
> git log --format=%H%n%aN%n%aE%n%at%n%ct%n%P%n%B -z -n21 -- /home/vnedina-/C_02/ex08/a.out
> git show --textconv :C_02/ex08/ft_strlowcase.c
> git ls-files --stage -- /home/vnedina-/C_02/ex08/ft_strlowcase.c
> git check-ignore -v -z --stdin
> git show --textconv :C_02/ex09/ft_strcapitalize.c
> git ls-files --stage -- /home/vnedina-/C_02/ex09/ft_strcapitalize.c
> git check-ignore -v -z --stdin
> git check-ignore -v -z --stdin
> git show --textconv :C_02/ex10/ft_strlcpy.c
> git ls-files --stage -- /home/vnedina-/C_02/ex10/ft_strlcpy.c
> git check-ignore -v -z --stdin
> git show --textconv :C_02/ex08/ft_strlowcase.c
> git ls-files --stage -- /home/vnedina-/C_02/ex08/ft_strlowcase.c
> git show --textconv :C_02/ex10/ft_strlcpy.c
> git ls-files --stage -- /home/vnedina-/C_02/ex10/ft_strlcpy.c
