Looking for git in: git
Using git 2.20.1 from git
> git rev-parse --git-dir
Open repository: /home/vnedina-
> git status -z -u
> git symbolic-ref --short HEAD
> git rev-parse main
> git rev-parse --symbolic-full-name main@{u}
> git rev-list --left-right main...refs/remotes/origin/main
> git for-each-ref --sort -committerdate --format %(refname) %(objectname)
> git remote --verbose
> git config --get commit.template
> git check-ignore -v -z --stdin
> git check-ignore -v -z --stdin
> git check-ignore -v -z --stdin
> git check-ignore -v -z --stdin
> git check-ignore -v -z --stdin
> git check-ignore -v -z --stdin
> git check-ignore -v -z --stdin
> git check-ignore -v -z --stdin
> git show --textconv :Avaliações/mmoreira_C02/ex10/ft_strlcpy.c
> git ls-files --stage -- /home/vnedina-/Avaliações/mmoreira_C02/ex10/ft_strlcpy.c
> git check-ignore -v -z --stdin
> git show --textconv :Avaliações/mmoreira_C02/ex11/ft_putstr_non_printable.c
> git ls-files --stage -- /home/vnedina-/Avaliações/mmoreira_C02/ex11/ft_putstr_non_printable.c
> git check-ignore -v -z --stdin
> git check-ignore -v -z --stdin
> git show --textconv :C_01/ex07/ft_rev_int_tab.c
> git ls-files --stage -- /home/vnedina-/C_01/ex07/ft_rev_int_tab.c
> git cat-file -s 798066877dbf30c37e1aab91ffc647715a4f814c
> git check-ignore -v -z --stdin
> git check-ignore -v -z --stdin
> git check-ignore -v -z --stdin
> git check-ignore -v -z --stdin
> git check-ignore -v -z --stdin
> git check-ignore -v -z --stdin
> git check-ignore -v -z --stdin
> git check-ignore -v -z --stdin
> git check-ignore -v -z --stdin
> git show --textconv :Comandos.txt
> git ls-files --stage -- /home/vnedina-/Comandos.txt
> git check-ignore -v -z --stdin
> git check-ignore -v -z --stdin
> git check-ignore -v -z --stdin
> git check-ignore -v -z --stdin
> git show --textconv :Avaliações/mmoreira_C02/ex10/ft_strlcpy.c
> git ls-files --stage -- /home/vnedina-/Avaliações/mmoreira_C02/ex10/ft_strlcpy.c
> git show --textconv :C_01/ex00/ft_ft.c
> git ls-files --stage -- /home/vnedina-/C_01/ex00/ft_ft.c
> git cat-file -s a91af071d1f86d33d91199b9a2ab75aa1ab2bb5a
> git show --textconv :C01 main/ex00/ft_ft.c
> git ls-files --stage -- /home/vnedina-/C01 main/ex00/ft_ft.c
> git check-ignore -v -z --stdin
> git show --textconv :C_01/ex00/ft_ft.c
> git ls-files --stage -- /home/vnedina-/C_01/ex00/ft_ft.c
> git cat-file -s a91af071d1f86d33d91199b9a2ab75aa1ab2bb5a
> git check-ignore -v -z --stdin
> git check-ignore -v -z --stdin
> git check-ignore -v -z --stdin
> git check-ignore -v -z --stdin
> git check-ignore -v -z --stdin
> git check-ignore -v -z --stdin
> git check-ignore -v -z --stdin
> git check-ignore -v -z --stdin
> git check-ignore -v -z --stdin
> git check-ignore -v -z --stdin
> git check-ignore -v -z --stdin
> git check-ignore -v -z --stdin
> git check-ignore -v -z --stdin
> git check-ignore -v -z --stdin
> git show --textconv :Comandos.txt
> git ls-files --stage -- /home/vnedina-/Comandos.txt
> git show --textconv :C_01/ex08/ft_sort_int_tab.c
> git ls-files --stage -- /home/vnedina-/C_01/ex08/ft_sort_int_tab.c
> git cat-file -s 794781827111df98c9e14430ab4fb6976dd8407a
> git show --textconv :C_01/ex07/ft_rev_int_tab.c
> git ls-files --stage -- /home/vnedina-/C_01/ex07/ft_rev_int_tab.c
> git cat-file -s 798066877dbf30c37e1aab91ffc647715a4f814c
> git show --textconv :C_01/ex06/ft_strlen.c
> git ls-files --stage -- /home/vnedina-/C_01/ex06/ft_strlen.c
> git cat-file -s c30472cb11f37bcd2700fb6b71cbc3234234a723
> git show --textconv :C_01/ex04/ft_ultimate_div_mod.c
> git ls-files --stage -- /home/vnedina-/C_01/ex04/ft_ultimate_div_mod.c
> git cat-file -s 075999657567ef0dfd5945c9cddf3a82eeba73b4
> git show --textconv :C_01/ex03/ft_div_mod.c
> git ls-files --stage -- /home/vnedina-/C_01/ex03/ft_div_mod.c
> git cat-file -s 19f6dec52b3c2a77c350bf6b7282d39f56dc4bc2
> git check-ignore -v -z --stdin
> git check-ignore -v -z --stdin
> git check-ignore -v -z --stdin
> git check-ignore -v -z --stdin
> git show --textconv :teste/ex01/ft_ultimate_ft.c
> git ls-files --stage -- /home/vnedina-/teste/ex01/ft_ultimate_ft.c
> git check-ignore -v -z --stdin
> git show --textconv :teste/ex02/ft_swap.c
> git ls-files --stage -- /home/vnedina-/teste/ex02/ft_swap.c
> git check-ignore -v -z --stdin
> git check-ignore -v -z --stdin
> git check-ignore -v -z --stdin
> git check-ignore -v -z --stdin
> git check-ignore -v -z --stdin
> git check-ignore -v -z --stdin
> git show --textconv :teste/ex08/ft_sort_int_tab.c
> git ls-files --stage -- /home/vnedina-/teste/ex08/ft_sort_int_tab.c
> git check-ignore -v -z --stdin
> git show --textconv :C_04/ex00/ft_strlen.c
> git ls-files --stage -- /home/vnedina-/C_04/ex00/ft_strlen.c
> git show --textconv :C_04/ex00/main.c
> git ls-files --stage -- /home/vnedina-/C_04/ex00/main.c
> git check-ignore -v -z --stdin
> git log --format=%H%n%aN%n%aE%n%at%n%ct%n%P%n%B -z -n21 -- /home/vnedina-/C_04/ex00/a.out
> git show --textconv :C_04/ex00/ft_strlen.c
> git ls-files --stage -- /home/vnedina-/C_04/ex00/ft_strlen.c
> git show --textconv :C_04/ex00/main.c
> git ls-files --stage -- /home/vnedina-/C_04/ex00/main.c
> git show --textconv :C_04/ex00/main.c
> git ls-files --stage -- /home/vnedina-/C_04/ex00/main.c
> git check-ignore -v -z --stdin
> git show --textconv :C_04/ex01/ft_putstr.c
> git ls-files --stage -- /home/vnedina-/C_04/ex01/ft_putstr.c
> git show --textconv :C_04/ex01/main.c
> git ls-files --stage -- /home/vnedina-/C_04/ex01/main.c
> git check-ignore -v -z --stdin
> git show --textconv :C_04/ex02/ft_putnbr.c
> git ls-files --stage -- /home/vnedina-/C_04/ex02/ft_putnbr.c
> git show --textconv :C_04/ex02/main.c
> git ls-files --stage -- /home/vnedina-/C_04/ex02/main.c
> git check-ignore -v -z --stdin
> git show --textconv :C_04/ex03/ft_atoi.c
> git ls-files --stage -- /home/vnedina-/C_04/ex03/ft_atoi.c
> git show --textconv :C_04/ex03/main.c
> git ls-files --stage -- /home/vnedina-/C_04/ex03/main.c
> git check-ignore -v -z --stdin
> git show --textconv :C_04/ex04/ft_putnbr_base.c
> git ls-files --stage -- /home/vnedina-/C_04/ex04/ft_putnbr_base.c
> git show --textconv :C_04/ex04/main.c
> git ls-files --stage -- /home/vnedina-/C_04/ex04/main.c
> git show --textconv :C_04/ex04/ft_putnbr_base.c
> git ls-files --stage -- /home/vnedina-/C_04/ex04/ft_putnbr_base.c
> git check-ignore -v -z --stdin
> git check-ignore -v -z --stdin
> git show --textconv :Main/C01 main/ex05/main.c
> git ls-files --stage -- /home/vnedina-/Main/C01 main/ex05/main.c
> git check-ignore -v -z --stdin
> git show --textconv :Main/C01 main/ex06/main.c
> git ls-files --stage -- /home/vnedina-/Main/C01 main/ex06/main.c
> git check-ignore -v -z --stdin
> git show --textconv :Main/C01 main/ex07/main.c
> git ls-files --stage -- /home/vnedina-/Main/C01 main/ex07/main.c
> git check-ignore -v -z --stdin
> git show --textconv :Main/C01 main/ex08/main.c
> git ls-files --stage -- /home/vnedina-/Main/C01 main/ex08/main.c
> git show --textconv :Main/C01 main/ex07/main.c
> git ls-files --stage -- /home/vnedina-/Main/C01 main/ex07/main.c
> git show --textconv :Main/C01 main/ex08/main.c
> git ls-files --stage -- /home/vnedina-/Main/C01 main/ex08/main.c
> git show --textconv :Main/C01 main/ex07/main.c
> git ls-files --stage -- /home/vnedina-/Main/C01 main/ex07/main.c
> git show --textconv :C_01/ex08/ft_sort_int_tab.c
> git ls-files --stage -- /home/vnedina-/C_01/ex08/ft_sort_int_tab.c
> git cat-file -s 794781827111df98c9e14430ab4fb6976dd8407a
> git show --textconv :Main/C01 main/ex08/main.c
> git ls-files --stage -- /home/vnedina-/Main/C01 main/ex08/main.c
> git show --textconv :C_01/ex08/ft_sort_int_tab.c
> git ls-files --stage -- /home/vnedina-/C_01/ex08/ft_sort_int_tab.c
> git cat-file -s 794781827111df98c9e14430ab4fb6976dd8407a
> git check-ignore -v -z --stdin
> git show --textconv :Main/C01 main/ex08/main.c
> git ls-files --stage -- /home/vnedina-/Main/C01 main/ex08/main.c
