Looking for git in: git
Using git 2.20.1 from git
> git rev-parse --git-dir
Open repository: /home/vnedina-
> git status -z -u
> git symbolic-ref --short HEAD
> git rev-parse main
> git rev-parse --symbolic-full-name main@{u}
> git rev-list --left-right main...refs/remotes/origin/main
> git for-each-ref --sort -committerdate --format %(refname) %(objectname)
> git remote --verbose
> git config --get commit.template
> git show --textconv :C_05/ex08/ft_ten_queens_puzzle.c
> git ls-files --stage -- /home/vnedina-/C_05/ex08/ft_ten_queens_puzzle.c
> git check-ignore -v -z --stdin
> git check-ignore -v -z --stdin
> git check-ignore -v -z --stdin
> git show --textconv :C_04/ex03/ft_atoi.c
> git ls-files --stage -- /home/vnedina-/C_04/ex03/ft_atoi.c
> git check-ignore -v -z --stdin
> git show --textconv :C_05/ex00/ft_iterative_factorial.c
> git ls-files --stage -- /home/vnedina-/C_05/ex00/ft_iterative_factorial.c
> git check-ignore -v -z --stdin
> git check-ignore -v -z --stdin
> git check-ignore -v -z --stdin
> git check-ignore -v -z --stdin
> git check-ignore -v -z --stdin
> git check-ignore -v -z --stdin
> git check-ignore -v -z --stdin
> git check-ignore -v -z --stdin
> git show --textconv :Avaliações/vcordeir_C05/ex00/main.c
> git ls-files --stage -- /home/vnedina-/Avaliações/vcordeir_C05/ex00/main.c
> git show --textconv :Avaliações/vcordeir_C05/ex00/ft_iterative_factorial.c
> git ls-files --stage -- /home/vnedina-/Avaliações/vcordeir_C05/ex00/ft_iterative_factorial.c
> git show --textconv :C_05/ex00/ft_iterative_factorial.c
> git ls-files --stage -- /home/vnedina-/C_05/ex00/ft_iterative_factorial.c
> git check-ignore -v -z --stdin
> git show --textconv :C_05/ex01/ft_recursive_factorial.c
> git ls-files --stage -- /home/vnedina-/C_05/ex01/ft_recursive_factorial.c
> git check-ignore -v -z --stdin
> git show --textconv :C_05/ex00/ft_iterative_factorial.c
> git ls-files --stage -- /home/vnedina-/C_05/ex00/ft_iterative_factorial.c
> git show --textconv :C_05/ex01/ft_recursive_factorial.c
> git ls-files --stage -- /home/vnedina-/C_05/ex01/ft_recursive_factorial.c
> git check-ignore -v -z --stdin
> git show --textconv :C_05/ex02/ft_iterative_power.c
> git ls-files --stage -- /home/vnedina-/C_05/ex02/ft_iterative_power.c
> git check-ignore -v -z --stdin
> git check-ignore -v -z --stdin
> git check-ignore -v -z --stdin
> git check-ignore -v -z --stdin
> git check-ignore -v -z --stdin
> git show --textconv :C_05/ex01/ft_recursive_factorial.c
> git ls-files --stage -- /home/vnedina-/C_05/ex01/ft_recursive_factorial.c
> git show --textconv :C_05/ex03/ft_recursive_power.c
> git ls-files --stage -- /home/vnedina-/C_05/ex03/ft_recursive_power.c
> git show --textconv :C_05/ex02/ft_iterative_power.c
> git ls-files --stage -- /home/vnedina-/C_05/ex02/ft_iterative_power.c
> git check-ignore -v -z --stdin
> git show --textconv :C_05/ex03/ft_recursive_power.c
> git ls-files --stage -- /home/vnedina-/C_05/ex03/ft_recursive_power.c
> git check-ignore -v -z --stdin
> git show --textconv :C_05/ex04/ft_fibonacci.c
> git ls-files --stage -- /home/vnedina-/C_05/ex04/ft_fibonacci.c
> git show --textconv :C_05/ex03/ft_recursive_power.c
> git ls-files --stage -- /home/vnedina-/C_05/ex03/ft_recursive_power.c
> git show --textconv :C_05/ex04/ft_fibonacci.c
> git ls-files --stage -- /home/vnedina-/C_05/ex04/ft_fibonacci.c
> git check-ignore -v -z --stdin
> git show --textconv :C_05/ex05/ft_sqrt.c
> git ls-files --stage -- /home/vnedina-/C_05/ex05/ft_sqrt.c
> git show --textconv :C_05/ex04/ft_fibonacci.c
> git ls-files --stage -- /home/vnedina-/C_05/ex04/ft_fibonacci.c
> git show --textconv :C_05/ex05/ft_sqrt.c
> git ls-files --stage -- /home/vnedina-/C_05/ex05/ft_sqrt.c
> git check-ignore -v -z --stdin
> git show --textconv :C_05/ex06/ft_is_prime.c
> git ls-files --stage -- /home/vnedina-/C_05/ex06/ft_is_prime.c
> git show --textconv :C_05/ex05/ft_sqrt.c
> git ls-files --stage -- /home/vnedina-/C_05/ex05/ft_sqrt.c
> git show --textconv :C_05/ex06/ft_is_prime.c
> git ls-files --stage -- /home/vnedina-/C_05/ex06/ft_is_prime.c
> git show --textconv :C_05/ex05/ft_sqrt.c
> git ls-files --stage -- /home/vnedina-/C_05/ex05/ft_sqrt.c
> git show --textconv :C_05/ex06/ft_is_prime.c
> git ls-files --stage -- /home/vnedina-/C_05/ex06/ft_is_prime.c
> git check-ignore -v -z --stdin
> git show --textconv :C_05/ex07/ft_find_next_prime.c
> git ls-files --stage -- /home/vnedina-/C_05/ex07/ft_find_next_prime.c
> git check-ignore -v -z --stdin
> git log --format=%H%n%aN%n%aE%n%at%n%ct%n%P%n%B -z -n21 -- /home/vnedina-/C_05/ex05/a.out
> git show --textconv :C_05/ex04/ft_fibonacci.c
> git ls-files --stage -- /home/vnedina-/C_05/ex04/ft_fibonacci.c
> git show --textconv :C_05/ex08/ft_ten_queens_puzzle.c
> git ls-files --stage -- /home/vnedina-/C_05/ex08/ft_ten_queens_puzzle.c
> git show --textconv :C_05/ex00/ft_iterative_factorial.c
> git ls-files --stage -- /home/vnedina-/C_05/ex00/ft_iterative_factorial.c
> git show --textconv :C_05/ex01/ft_recursive_factorial.c
> git ls-files --stage -- /home/vnedina-/C_05/ex01/ft_recursive_factorial.c
> git show --textconv :C_05/ex00/ft_iterative_factorial.c
> git ls-files --stage -- /home/vnedina-/C_05/ex00/ft_iterative_factorial.c
> git show --textconv :C_05/ex07/ft_find_next_prime.c
> git ls-files --stage -- /home/vnedina-/C_05/ex07/ft_find_next_prime.c
> git show --textconv :C_05/ex01/ft_recursive_factorial.c
> git ls-files --stage -- /home/vnedina-/C_05/ex01/ft_recursive_factorial.c
> git show --textconv :C_05/ex08/ft_ten_queens_puzzle.c
> git ls-files --stage -- /home/vnedina-/C_05/ex08/ft_ten_queens_puzzle.c
> git check-ignore -v -z --stdin
> git check-ignore -v -z --stdin
> git check-ignore -v -z --stdin
> git show --textconv :C_06/ex00/ft_print_program_name.c
> git ls-files --stage -- /home/vnedina-/C_06/ex00/ft_print_program_name.c
> git check-ignore -v -z --stdin
> git show --textconv :C_06/ex01/ft_print_params.c
> git ls-files --stage -- /home/vnedina-/C_06/ex01/ft_print_params.c
> git check-ignore -v -z --stdin
> git show --textconv :C_06/ex02/ft_rev_params.c
> git ls-files --stage -- /home/vnedina-/C_06/ex02/ft_rev_params.c
> git check-ignore -v -z --stdin
> git show --textconv :C_06/ex00/ft_print_program_name.c
> git ls-files --stage -- /home/vnedina-/C_06/ex00/ft_print_program_name.c
> git show --textconv :C_06/ex01/ft_print_params.c
> git ls-files --stage -- /home/vnedina-/C_06/ex01/ft_print_params.c
> git show --textconv :C_06/ex02/ft_rev_params.c
> git ls-files --stage -- /home/vnedina-/C_06/ex02/ft_rev_params.c
> git show --textconv :C_06/ex03/ft_sort_params.c
> git ls-files --stage -- /home/vnedina-/C_06/ex03/ft_sort_params.c
> git check-ignore -v -z --stdin
