Looking for git in: git
Using git 2.20.1 from git
> git rev-parse --git-dir
Open repository: /home/vnedina-
> git status -z -u
> git symbolic-ref --short HEAD
> git rev-parse main
> git rev-parse --symbolic-full-name main@{u}
> git rev-list --left-right main...refs/remotes/origin/main
> git for-each-ref --sort -committerdate --format %(refname) %(objectname)
> git remote --verbose
> git config --get commit.template
> git check-ignore -v -z --stdin
> git check-ignore -v -z --stdin
> git check-ignore -v -z --stdin
> git check-ignore -v -z --stdin
> git check-ignore -v -z --stdin
> git check-ignore -v -z --stdin
> git show --textconv :C_03/ex00/ft_strcmp.c
> git ls-files --stage -- /home/vnedina-/C_03/ex00/ft_strcmp.c
> git check-ignore -v -z --stdin
> git check-ignore -v -z --stdin
> git show --textconv :C_03/teste03.sh
> git ls-files --stage -- /home/vnedina-/C_03/teste03.sh
> git check-ignore -v -z --stdin
> git show --textconv :C_03/ex00/ft_strcmp.c
> git ls-files --stage -- /home/vnedina-/C_03/ex00/ft_strcmp.c
> git show --textconv :C_03/teste03.sh
> git ls-files --stage -- /home/vnedina-/C_03/teste03.sh
> git show --textconv :C_03/ex00/ft_strcmp.c
> git ls-files --stage -- /home/vnedina-/C_03/ex00/ft_strcmp.c
> git show --textconv :C_03/teste03.sh
> git ls-files --stage -- /home/vnedina-/C_03/teste03.sh
> git show --textconv :C_03/ex00/ft_strcmp.c
> git ls-files --stage -- /home/vnedina-/C_03/ex00/ft_strcmp.c
> git show --textconv :C_03/ex01/ft_strncmp.c
> git ls-files --stage -- /home/vnedina-/C_03/ex01/ft_strncmp.c
> git check-ignore -v -z --stdin
> git show --textconv :C_03/ex02/ft_strcat.c
> git ls-files --stage -- /home/vnedina-/C_03/ex02/ft_strcat.c
> git check-ignore -v -z --stdin
> git show --textconv :C_03/teste03.sh
> git ls-files --stage -- /home/vnedina-/C_03/teste03.sh
> git show --textconv :C_03/ex03/ft_strncat.c
> git ls-files --stage -- /home/vnedina-/C_03/ex03/ft_strncat.c
> git check-ignore -v -z --stdin
> git show --textconv :C_03/ex04/ft_strstr.c
> git ls-files --stage -- /home/vnedina-/C_03/ex04/ft_strstr.c
> git check-ignore -v -z --stdin
> git show --textconv :C_03/ex05/ft_strlcat.c
> git ls-files --stage -- /home/vnedina-/C_03/ex05/ft_strlcat.c
> git check-ignore -v -z --stdin
> git show --textconv :C_03/ex04/ft_strstr.c
> git ls-files --stage -- /home/vnedina-/C_03/ex04/ft_strstr.c
> git show --textconv :C_03/teste03.sh
> git ls-files --stage -- /home/vnedina-/C_03/teste03.sh
> git show --textconv :C_03/ex05/ft_strlcat.c
> git ls-files --stage -- /home/vnedina-/C_03/ex05/ft_strlcat.c
> git show --textconv :testeC_02.sh
> git ls-files --stage -- /home/vnedina-/testeC_02.sh
> git show --textconv :C_02/testeC_02.sh
> git ls-files --stage -- /home/vnedina-/C_02/testeC_02.sh
> git check-ignore -v -z --stdin
> git check-ignore -v -z --stdin
> git check-ignore -v -z --stdin
> git show --textconv :Main/C02_apaduan.txt
> git ls-files --stage -- /home/vnedina-/Main/C02_apaduan.txt
> git show --textconv :C_02/ex01/ft_strncpy.c
> git ls-files --stage -- /home/vnedina-/C_02/ex01/ft_strncpy.c
> git show --textconv :C_02/testeC_02.sh
> git ls-files --stage -- /home/vnedina-/C_02/testeC_02.sh
> git show --textconv :testeC_02.sh
> git ls-files --stage -- /home/vnedina-/testeC_02.sh
> git check-ignore -v -z --stdin
> git check-ignore -v -z --stdin
> git check-ignore -v -z --stdin
> git check-ignore -v -z --stdin
> git show --textconv :Avaliações/larissa/testeC_02.sh
> git ls-files --stage -- /home/vnedina-/Avaliações/larissa/testeC_02.sh
> git show --textconv :Main/C02_gunoguei
> git ls-files --stage -- /home/vnedina-/Main/C02_gunoguei
> git show --textconv :Avaliações/larissa/ex00/ft_strcpy.c
> git ls-files --stage -- /home/vnedina-/Avaliações/larissa/ex00/ft_strcpy.c
> git check-ignore -v -z --stdin
> git check-ignore -v -z --stdin
> git check-ignore -v -z --stdin
> git check-ignore -v -z --stdin
> git show --textconv :Avaliações/larissa/testeC_02.sh
> git ls-files --stage -- /home/vnedina-/Avaliações/larissa/testeC_02.sh
> git show --textconv :C_03/ex05/ft_strlcat.c
> git ls-files --stage -- /home/vnedina-/C_03/ex05/ft_strlcat.c
> git show --textconv :C_03/teste03.sh
> git ls-files --stage -- /home/vnedina-/C_03/teste03.sh
> git show --textconv :C_03/ex02/ft_strcat.c
> git ls-files --stage -- /home/vnedina-/C_03/ex02/ft_strcat.c
> git show --textconv :C_03/ex01/ft_strncmp.c
> git ls-files --stage -- /home/vnedina-/C_03/ex01/ft_strncmp.c
> git show --textconv :C_03/ex00/ft_strcmp.c
> git ls-files --stage -- /home/vnedina-/C_03/ex00/ft_strcmp.c
> git check-ignore -v -z --stdin
> git check-ignore -v -z --stdin
> git check-ignore -v -z --stdin
> git check-ignore -v -z --stdin
> git check-ignore -v -z --stdin
> git check-ignore -v -z --stdin
> git show --textconv :C_05/ex00/ft_iterative_factorial.c
> git ls-files --stage -- /home/vnedina-/C_05/ex00/ft_iterative_factorial.c
> git check-ignore -v -z --stdin
> git show --textconv :C_03/teste03.sh
> git ls-files --stage -- /home/vnedina-/C_03/teste03.sh
> git show --textconv :C_03/ex05/ft_strlcat.c
> git ls-files --stage -- /home/vnedina-/C_03/ex05/ft_strlcat.c
> git show --textconv :C_03/teste03.sh
> git ls-files --stage -- /home/vnedina-/C_03/teste03.sh
> git show --textconv :Main/MainC03
> git ls-files --stage -- /home/vnedina-/Main/MainC03
> git check-ignore -v -z --stdin
> git show --textconv :MainC03
> git ls-files --stage -- /home/vnedina-/MainC03
> git check-ignore -v -z --stdin
> git show --textconv :Main/MainC03
> git ls-files --stage -- /home/vnedina-/Main/MainC03
> git check-ignore -v -z --stdin
> git check-ignore -v -z --stdin
> git show --textconv :MainC03
> git ls-files --stage -- /home/vnedina-/MainC03
> git show --textconv :teste03.sh
> git ls-files --stage -- /home/vnedina-/teste03.sh
> git show --textconv :C_05/ex00/ft_iterative_factorial.c
> git ls-files --stage -- /home/vnedina-/C_05/ex00/ft_iterative_factorial.c
> git show --textconv :teste03.sh
> git ls-files --stage -- /home/vnedina-/teste03.sh
> git check-ignore -v -z --stdin
> git check-ignore -v -z --stdin
> git check-ignore -v -z --stdin
> git check-ignore -v -z --stdin
> git show --textconv :teste03.sh
> git ls-files --stage -- /home/vnedina-/teste03.sh
> git show --textconv :MainC03
> git ls-files --stage -- /home/vnedina-/MainC03
> git show --textconv :C03/ex00/ft_strcmp.c
> git ls-files --stage -- /home/vnedina-/C03/ex00/ft_strcmp.c
> git check-ignore -v -z --stdin
> git show --textconv :MainC03
> git ls-files --stage -- /home/vnedina-/MainC03
> git show --textconv :C03/ex01/ft_strncmp.c
> git ls-files --stage -- /home/vnedina-/C03/ex01/ft_strncmp.c
> git show --textconv :MainC03
> git ls-files --stage -- /home/vnedina-/MainC03
> git check-ignore -v -z --stdin
> git show --textconv :C03/ex02/ft_strcat.c
> git ls-files --stage -- /home/vnedina-/C03/ex02/ft_strcat.c
> git log --format=%H%n%aN%n%aE%n%at%n%ct%n%P%n%B -z -n21 -- /home/vnedina-/C03/ex02/ft_strcat.c
> git check-ignore -v -z --stdin
> git show --textconv :C03/ex03/ft_strncat.c
> git ls-files --stage -- /home/vnedina-/C03/ex03/ft_strncat.c
> git show --textconv :MainC03
> git ls-files --stage -- /home/vnedina-/MainC03
> git show --textconv :C03/ex03/ft_strncat.c
> git ls-files --stage -- /home/vnedina-/C03/ex03/ft_strncat.c
> git check-ignore -v -z --stdin
> git show --textconv :C03/ex04/ft_strstr.c
> git ls-files --stage -- /home/vnedina-/C03/ex04/ft_strstr.c
> git show --textconv :MainC03
> git ls-files --stage -- /home/vnedina-/MainC03
> git show --textconv :C03/ex04/ft_strstr.c
> git ls-files --stage -- /home/vnedina-/C03/ex04/ft_strstr.c
> git check-ignore -v -z --stdin
> git show --textconv :C03/ex05/ft_strlcat.c
> git ls-files --stage -- /home/vnedina-/C03/ex05/ft_strlcat.c
> git show --textconv :teste03.sh
> git ls-files --stage -- /home/vnedina-/teste03.sh
> git show --textconv :C03/ex00/ft_strcmp.c
> git ls-files --stage -- /home/vnedina-/C03/ex00/ft_strcmp.c
> git show --textconv :C03/ex01/ft_strncmp.c
> git ls-files --stage -- /home/vnedina-/C03/ex01/ft_strncmp.c
> git show --textconv :C03/ex02/ft_strcat.c
> git ls-files --stage -- /home/vnedina-/C03/ex02/ft_strcat.c
> git show --textconv :C03/ex05/ft_strlcat.c
> git ls-files --stage -- /home/vnedina-/C03/ex05/ft_strlcat.c
> git check-ignore -v -z --stdin
> git check-ignore -v -z --stdin
> git check-ignore -v -z --stdin
> git show --textconv :Avaliações/gpinheiro/ex00/ft_strcpy.c
> git ls-files --stage -- /home/vnedina-/Avaliações/gpinheiro/ex00/ft_strcpy.c
> git check-ignore -v -z --stdin
> git show --textconv :Avaliações/gpinheiro/ex06/ft_str_is_printable.c
> git ls-files --stage -- /home/vnedina-/Avaliações/gpinheiro/ex06/ft_str_is_printable.c
> git show --textconv :Main/main.eu.C02.txt
> git ls-files --stage -- /home/vnedina-/Main/main.eu.C02.txt
> git show --textconv :Main/C02_gunoguei
> git ls-files --stage -- /home/vnedina-/Main/C02_gunoguei
> git show --textconv :Main/main.eu.C02.txt
> git ls-files --stage -- /home/vnedina-/Main/main.eu.C02.txt
> git show --textconv :Main/C02_gunoguei
> git ls-files --stage -- /home/vnedina-/Main/C02_gunoguei
> git show --textconv :Avaliações/gpinheiro/ex06/ft_str_is_printable.c
> git ls-files --stage -- /home/vnedina-/Avaliações/gpinheiro/ex06/ft_str_is_printable.c
> git check-ignore -v -z --stdin
> git check-ignore -v -z --stdin
> git check-ignore -v -z --stdin
> git show --textconv :Avaliações/gpinheiro/ex08/ft_strlowcase.c
> git ls-files --stage -- /home/vnedina-/Avaliações/gpinheiro/ex08/ft_strlowcase.c
> git show --textconv :Avaliações/gpinheiro/ex00/ft_strcpy.c
> git ls-files --stage -- /home/vnedina-/Avaliações/gpinheiro/ex00/ft_strcpy.c
> git show --textconv :C03/ex04/ft_strstr.c
> git ls-files --stage -- /home/vnedina-/C03/ex04/ft_strstr.c
> git show --textconv :C03/ex05/ft_strlcat.c
> git ls-files --stage -- /home/vnedina-/C03/ex05/ft_strlcat.c
> git show --textconv :Avaliações/C03/ex05/ft_strlcat.c
> git ls-files --stage -- /home/vnedina-/Avaliações/C03/ex05/ft_strlcat.c
> git check-ignore -v -z --stdin
> git check-ignore -v -z --stdin
> git show --textconv :Avaliações/a_C03/ex05/ft_strlcat.c
> git ls-files --stage -- /home/vnedina-/Avaliações/a_C03/ex05/ft_strlcat.c
> git show --textconv :Avaliações/akatayam_C03/ex05/ft_strlcat.c
> git ls-files --stage -- /home/vnedina-/Avaliações/akatayam_C03/ex05/ft_strlcat.c
> git check-ignore -v -z --stdin
> git check-ignore -v -z --stdin
> git check-ignore -v -z --stdin
> git show --textconv :Avaliações/gsouza/ex01/print_groups.sh
> git ls-files --stage -- /home/vnedina-/Avaliações/gsouza/ex01/print_groups.sh
> git show --textconv :Avaliações/gpinheiro/ex06/ft_str_is_printable.c
> git ls-files --stage -- /home/vnedina-/Avaliações/gpinheiro/ex06/ft_str_is_printable.c
> git show --textconv :Avaliações/gsouza/ex01/print_groups.sh
> git ls-files --stage -- /home/vnedina-/Avaliações/gsouza/ex01/print_groups.sh
> git show --textconv :Avaliações/akatayam_C03/ex03/ft_strncat.c
> git ls-files --stage -- /home/vnedina-/Avaliações/akatayam_C03/ex03/ft_strncat.c
> git check-ignore -v -z --stdin
> git show --textconv :Avaliações/akatayam_C03/ex02/ft_strcat.c
> git ls-files --stage -- /home/vnedina-/Avaliações/akatayam_C03/ex02/ft_strcat.c
> git check-ignore -v -z --stdin
> git show --textconv :Avaliações/akatayam_C03/ex01/ft_strncmp.c
> git ls-files --stage -- /home/vnedina-/Avaliações/akatayam_C03/ex01/ft_strncmp.c
> git check-ignore -v -z --stdin
> git show --textconv :Avaliações/akatayam_C03/ex00/ft_strcmp.c
> git ls-files --stage -- /home/vnedina-/Avaliações/akatayam_C03/ex00/ft_strcmp.c
> git check-ignore -v -z --stdin
> git show --textconv :C_03/ex04/ft_strstr.c
> git ls-files --stage -- /home/vnedina-/C_03/ex04/ft_strstr.c
> git show --textconv :MainC03
> git ls-files --stage -- /home/vnedina-/MainC03
> git show --textconv :C_03/ex04/ft_strstr.c
> git ls-files --stage -- /home/vnedina-/C_03/ex04/ft_strstr.c
> git show --textconv :C_03/ex01/ft_strncmp.c
> git ls-files --stage -- /home/vnedina-/C_03/ex01/ft_strncmp.c
> git check-ignore -v -z --stdin
> git show --textconv :C_03/ex02/ft_strcat.c
> git ls-files --stage -- /home/vnedina-/C_03/ex02/ft_strcat.c
> git show --textconv :C_03/ex01/ft_strncmp.c
> git ls-files --stage -- /home/vnedina-/C_03/ex01/ft_strncmp.c
