[2020-12-04 01:49:51.261] [exthost] [info] extension host started
[2020-12-04 01:49:51.494] [exthost] [info] ExtensionService#_doActivateExtension vscode.debug-auto-launch {"startup":true,"extensionId":{"value":"vscode.debug-auto-launch","_lower":"vscode.debug-auto-launch"},"activationEvent":"*"}
[2020-12-04 01:49:51.495] [exthost] [info] ExtensionService#loadCommonJSModule file:///usr/lib/code-server/lib/vscode/extensions/debug-auto-launch/dist/extension
[2020-12-04 01:49:51.502] [exthost] [info] ExtensionService#_doActivateExtension vscode.emmet {"startup":true,"extensionId":{"value":"vscode.emmet","_lower":"vscode.emmet"},"activationEvent":"*"}
[2020-12-04 01:49:51.502] [exthost] [info] ExtensionService#loadCommonJSModule file:///usr/lib/code-server/lib/vscode/extensions/emmet/dist/node/emmetNodeMain
[2020-12-04 01:49:51.534] [exthost] [info] ExtensionService#_doActivateExtension vscode.git {"startup":true,"extensionId":{"value":"vscode.github","_lower":"vscode.github"},"activationEvent":"*"}
[2020-12-04 01:49:51.534] [exthost] [info] ExtensionService#loadCommonJSModule file:///usr/lib/code-server/lib/vscode/extensions/git/dist/main
[2020-12-04 01:49:51.597] [exthost] [info] ExtensionService#_doActivateExtension vscode.merge-conflict {"startup":true,"extensionId":{"value":"vscode.merge-conflict","_lower":"vscode.merge-conflict"},"activationEvent":"*"}
[2020-12-04 01:49:51.597] [exthost] [info] ExtensionService#loadCommonJSModule file:///usr/lib/code-server/lib/vscode/extensions/merge-conflict/dist/mergeConflictMain
[2020-12-04 01:49:51.602] [exthost] [info] ExtensionService#_doActivateExtension vscode.search-result {"startup":true,"extensionId":{"value":"vscode.search-result","_lower":"vscode.search-result"},"activationEvent":"*"}
[2020-12-04 01:49:51.602] [exthost] [info] ExtensionService#loadCommonJSModule file:///usr/lib/code-server/lib/vscode/extensions/search-result/dist/extension.js
[2020-12-04 01:49:51.604] [exthost] [info] ExtensionService#_doActivateExtension kube.42header {"startup":true,"extensionId":{"value":"kube.42header","_lower":"kube.42header"},"activationEvent":"*"}
[2020-12-04 01:49:51.604] [exthost] [info] ExtensionService#loadCommonJSModule file:///home/vnedina-/.local/share/code-server/extensions/kube.42header-0.42.7/out/src/extension
[2020-12-04 01:49:51.710] [exthost] [info] ExtensionService#_doActivateExtension vscode.github {"startup":true,"extensionId":{"value":"vscode.github","_lower":"vscode.github"},"activationEvent":"*"}
[2020-12-04 01:49:51.710] [exthost] [info] ExtensionService#loadCommonJSModule file:///usr/lib/code-server/lib/vscode/extensions/github/dist/extension.js
[2020-12-04 01:49:52.234] [exthost] [info] eager extensions activated
[2020-12-04 03:16:30.213] [exthost] [info] extension host started
[2020-12-04 03:16:30.530] [exthost] [info] ExtensionService#_doActivateExtension vscode.debug-auto-launch {"startup":true,"extensionId":{"value":"vscode.debug-auto-launch","_lower":"vscode.debug-auto-launch"},"activationEvent":"*"}
[2020-12-04 03:16:30.530] [exthost] [info] ExtensionService#loadCommonJSModule file:///usr/lib/code-server/lib/vscode/extensions/debug-auto-launch/dist/extension
[2020-12-04 03:16:30.537] [exthost] [info] ExtensionService#_doActivateExtension vscode.emmet {"startup":true,"extensionId":{"value":"vscode.emmet","_lower":"vscode.emmet"},"activationEvent":"*"}
[2020-12-04 03:16:30.537] [exthost] [info] ExtensionService#loadCommonJSModule file:///usr/lib/code-server/lib/vscode/extensions/emmet/dist/node/emmetNodeMain
[2020-12-04 03:16:30.569] [exthost] [info] ExtensionService#_doActivateExtension vscode.git {"startup":true,"extensionId":{"value":"vscode.github","_lower":"vscode.github"},"activationEvent":"*"}
[2020-12-04 03:16:30.569] [exthost] [info] ExtensionService#loadCommonJSModule file:///usr/lib/code-server/lib/vscode/extensions/git/dist/main
[2020-12-04 03:16:30.640] [exthost] [info] ExtensionService#_doActivateExtension vscode.merge-conflict {"startup":true,"extensionId":{"value":"vscode.merge-conflict","_lower":"vscode.merge-conflict"},"activationEvent":"*"}
[2020-12-04 03:16:30.640] [exthost] [info] ExtensionService#loadCommonJSModule file:///usr/lib/code-server/lib/vscode/extensions/merge-conflict/dist/mergeConflictMain
[2020-12-04 03:16:30.645] [exthost] [info] ExtensionService#_doActivateExtension vscode.search-result {"startup":true,"extensionId":{"value":"vscode.search-result","_lower":"vscode.search-result"},"activationEvent":"*"}
[2020-12-04 03:16:30.645] [exthost] [info] ExtensionService#loadCommonJSModule file:///usr/lib/code-server/lib/vscode/extensions/search-result/dist/extension.js
[2020-12-04 03:16:30.647] [exthost] [info] ExtensionService#_doActivateExtension kube.42header {"startup":true,"extensionId":{"value":"kube.42header","_lower":"kube.42header"},"activationEvent":"*"}
[2020-12-04 03:16:30.647] [exthost] [info] ExtensionService#loadCommonJSModule file:///home/vnedina-/.local/share/code-server/extensions/kube.42header-0.42.7/out/src/extension
[2020-12-04 03:16:32.035] [exthost] [info] ExtensionService#_doActivateExtension vscode.github {"startup":true,"extensionId":{"value":"vscode.github","_lower":"vscode.github"},"activationEvent":"*"}
[2020-12-04 03:16:32.035] [exthost] [info] ExtensionService#loadCommonJSModule file:///usr/lib/code-server/lib/vscode/extensions/github/dist/extension.js
[2020-12-04 03:16:32.153] [exthost] [info] eager extensions activated
[2020-12-04 03:39:14.658] [exthost] [info] extension host started
[2020-12-04 03:39:14.720] [exthost] [info] ExtensionService#_doActivateExtension vscode.debug-auto-launch {"startup":true,"extensionId":{"value":"vscode.debug-auto-launch","_lower":"vscode.debug-auto-launch"},"activationEvent":"*"}
[2020-12-04 03:39:14.721] [exthost] [info] ExtensionService#loadCommonJSModule file:///usr/lib/code-server/lib/vscode/extensions/debug-auto-launch/dist/extension
[2020-12-04 03:39:14.728] [exthost] [info] ExtensionService#_doActivateExtension vscode.emmet {"startup":true,"extensionId":{"value":"vscode.emmet","_lower":"vscode.emmet"},"activationEvent":"*"}
[2020-12-04 03:39:14.728] [exthost] [info] ExtensionService#loadCommonJSModule file:///usr/lib/code-server/lib/vscode/extensions/emmet/dist/node/emmetNodeMain
[2020-12-04 03:39:14.763] [exthost] [info] ExtensionService#_doActivateExtension vscode.git {"startup":true,"extensionId":{"value":"vscode.github","_lower":"vscode.github"},"activationEvent":"*"}
[2020-12-04 03:39:14.764] [exthost] [info] ExtensionService#loadCommonJSModule file:///usr/lib/code-server/lib/vscode/extensions/git/dist/main
[2020-12-04 03:39:14.830] [exthost] [info] ExtensionService#_doActivateExtension vscode.merge-conflict {"startup":true,"extensionId":{"value":"vscode.merge-conflict","_lower":"vscode.merge-conflict"},"activationEvent":"*"}
[2020-12-04 03:39:14.830] [exthost] [info] ExtensionService#loadCommonJSModule file:///usr/lib/code-server/lib/vscode/extensions/merge-conflict/dist/mergeConflictMain
[2020-12-04 03:39:14.835] [exthost] [info] ExtensionService#_doActivateExtension vscode.search-result {"startup":true,"extensionId":{"value":"vscode.search-result","_lower":"vscode.search-result"},"activationEvent":"*"}
[2020-12-04 03:39:14.835] [exthost] [info] ExtensionService#loadCommonJSModule file:///usr/lib/code-server/lib/vscode/extensions/search-result/dist/extension.js
[2020-12-04 03:39:14.837] [exthost] [info] ExtensionService#_doActivateExtension kube.42header {"startup":true,"extensionId":{"value":"kube.42header","_lower":"kube.42header"},"activationEvent":"*"}
[2020-12-04 03:39:14.837] [exthost] [info] ExtensionService#loadCommonJSModule file:///home/vnedina-/.local/share/code-server/extensions/kube.42header-0.42.7/out/src/extension
[2020-12-04 03:39:14.930] [exthost] [info] ExtensionService#_doActivateExtension vscode.github {"startup":true,"extensionId":{"value":"vscode.github","_lower":"vscode.github"},"activationEvent":"*"}
[2020-12-04 03:39:14.930] [exthost] [info] ExtensionService#loadCommonJSModule file:///usr/lib/code-server/lib/vscode/extensions/github/dist/extension.js
[2020-12-04 03:39:15.031] [exthost] [info] eager extensions activated
[2020-12-04 04:32:09.626] [exthost] [info] extension host started
[2020-12-04 04:32:09.730] [exthost] [info] ExtensionService#_doActivateExtension vscode.debug-auto-launch {"startup":true,"extensionId":{"value":"vscode.debug-auto-launch","_lower":"vscode.debug-auto-launch"},"activationEvent":"*"}
[2020-12-04 04:32:09.731] [exthost] [info] ExtensionService#loadCommonJSModule file:///usr/lib/code-server/lib/vscode/extensions/debug-auto-launch/dist/extension
[2020-12-04 04:32:09.736] [exthost] [info] ExtensionService#_doActivateExtension vscode.emmet {"startup":true,"extensionId":{"value":"vscode.emmet","_lower":"vscode.emmet"},"activationEvent":"*"}
[2020-12-04 04:32:09.737] [exthost] [info] ExtensionService#loadCommonJSModule file:///usr/lib/code-server/lib/vscode/extensions/emmet/dist/node/emmetNodeMain
[2020-12-04 04:32:09.768] [exthost] [info] ExtensionService#_doActivateExtension vscode.git {"startup":true,"extensionId":{"value":"vscode.github","_lower":"vscode.github"},"activationEvent":"*"}
[2020-12-04 04:32:09.768] [exthost] [info] ExtensionService#loadCommonJSModule file:///usr/lib/code-server/lib/vscode/extensions/git/dist/main
[2020-12-04 04:32:09.833] [exthost] [info] ExtensionService#_doActivateExtension vscode.merge-conflict {"startup":true,"extensionId":{"value":"vscode.merge-conflict","_lower":"vscode.merge-conflict"},"activationEvent":"*"}
[2020-12-04 04:32:09.833] [exthost] [info] ExtensionService#loadCommonJSModule file:///usr/lib/code-server/lib/vscode/extensions/merge-conflict/dist/mergeConflictMain
[2020-12-04 04:32:09.838] [exthost] [info] ExtensionService#_doActivateExtension vscode.search-result {"startup":true,"extensionId":{"value":"vscode.search-result","_lower":"vscode.search-result"},"activationEvent":"*"}
[2020-12-04 04:32:09.838] [exthost] [info] ExtensionService#loadCommonJSModule file:///usr/lib/code-server/lib/vscode/extensions/search-result/dist/extension.js
[2020-12-04 04:32:09.840] [exthost] [info] ExtensionService#_doActivateExtension kube.42header {"startup":true,"extensionId":{"value":"kube.42header","_lower":"kube.42header"},"activationEvent":"*"}
[2020-12-04 04:32:09.840] [exthost] [info] ExtensionService#loadCommonJSModule file:///home/vnedina-/.local/share/code-server/extensions/kube.42header-0.42.7/out/src/extension
[2020-12-04 04:32:09.959] [exthost] [info] ExtensionService#_doActivateExtension vscode.github {"startup":true,"extensionId":{"value":"vscode.github","_lower":"vscode.github"},"activationEvent":"*"}
[2020-12-04 04:32:09.959] [exthost] [info] ExtensionService#loadCommonJSModule file:///usr/lib/code-server/lib/vscode/extensions/github/dist/extension.js
[2020-12-04 04:32:10.101] [exthost] [info] eager extensions activated
[2020-12-04 04:47:04.578] [exthost] [info] extension host started
[2020-12-04 04:47:04.785] [exthost] [info] ExtensionService#_doActivateExtension vscode.debug-auto-launch {"startup":true,"extensionId":{"value":"vscode.debug-auto-launch","_lower":"vscode.debug-auto-launch"},"activationEvent":"*"}
[2020-12-04 04:47:04.786] [exthost] [info] ExtensionService#loadCommonJSModule file:///usr/lib/code-server/lib/vscode/extensions/debug-auto-launch/dist/extension
[2020-12-04 04:47:04.791] [exthost] [info] ExtensionService#_doActivateExtension vscode.emmet {"startup":true,"extensionId":{"value":"vscode.emmet","_lower":"vscode.emmet"},"activationEvent":"*"}
[2020-12-04 04:47:04.791] [exthost] [info] ExtensionService#loadCommonJSModule file:///usr/lib/code-server/lib/vscode/extensions/emmet/dist/node/emmetNodeMain
[2020-12-04 04:47:04.823] [exthost] [info] ExtensionService#_doActivateExtension vscode.git {"startup":true,"extensionId":{"value":"vscode.github","_lower":"vscode.github"},"activationEvent":"*"}
[2020-12-04 04:47:04.823] [exthost] [info] ExtensionService#loadCommonJSModule file:///usr/lib/code-server/lib/vscode/extensions/git/dist/main
[2020-12-04 04:47:04.891] [exthost] [info] ExtensionService#_doActivateExtension vscode.merge-conflict {"startup":true,"extensionId":{"value":"vscode.merge-conflict","_lower":"vscode.merge-conflict"},"activationEvent":"*"}
[2020-12-04 04:47:04.891] [exthost] [info] ExtensionService#loadCommonJSModule file:///usr/lib/code-server/lib/vscode/extensions/merge-conflict/dist/mergeConflictMain
[2020-12-04 04:47:04.895] [exthost] [info] ExtensionService#_doActivateExtension vscode.search-result {"startup":true,"extensionId":{"value":"vscode.search-result","_lower":"vscode.search-result"},"activationEvent":"*"}
[2020-12-04 04:47:04.895] [exthost] [info] ExtensionService#loadCommonJSModule file:///usr/lib/code-server/lib/vscode/extensions/search-result/dist/extension.js
[2020-12-04 04:47:04.897] [exthost] [info] ExtensionService#_doActivateExtension kube.42header {"startup":true,"extensionId":{"value":"kube.42header","_lower":"kube.42header"},"activationEvent":"*"}
[2020-12-04 04:47:04.897] [exthost] [info] ExtensionService#loadCommonJSModule file:///home/vnedina-/.local/share/code-server/extensions/kube.42header-0.42.7/out/src/extension
[2020-12-04 04:47:05.324] [exthost] [info] ExtensionService#_doActivateExtension vscode.github {"startup":true,"extensionId":{"value":"vscode.github","_lower":"vscode.github"},"activationEvent":"*"}
[2020-12-04 04:47:05.324] [exthost] [info] ExtensionService#loadCommonJSModule file:///usr/lib/code-server/lib/vscode/extensions/github/dist/extension.js
[2020-12-04 04:47:05.541] [exthost] [info] eager extensions activated
