[2020-12-03 13:27:49.073] [exthost] [info] extension host started
[2020-12-03 13:27:49.743] [exthost] [info] ExtensionService#_doActivateExtension vscode.debug-auto-launch {"startup":true,"extensionId":{"value":"vscode.debug-auto-launch","_lower":"vscode.debug-auto-launch"},"activationEvent":"*"}
[2020-12-03 13:27:49.743] [exthost] [info] ExtensionService#loadCommonJSModule file:///usr/lib/code-server/lib/vscode/extensions/debug-auto-launch/dist/extension
[2020-12-03 13:27:49.750] [exthost] [info] ExtensionService#_doActivateExtension vscode.emmet {"startup":true,"extensionId":{"value":"vscode.emmet","_lower":"vscode.emmet"},"activationEvent":"*"}
[2020-12-03 13:27:49.750] [exthost] [info] ExtensionService#loadCommonJSModule file:///usr/lib/code-server/lib/vscode/extensions/emmet/dist/node/emmetNodeMain
[2020-12-03 13:27:49.778] [exthost] [info] ExtensionService#_doActivateExtension vscode.git {"startup":true,"extensionId":{"value":"vscode.github","_lower":"vscode.github"},"activationEvent":"*"}
[2020-12-03 13:27:49.779] [exthost] [info] ExtensionService#loadCommonJSModule file:///usr/lib/code-server/lib/vscode/extensions/git/dist/main
[2020-12-03 13:27:49.846] [exthost] [info] ExtensionService#_doActivateExtension vscode.merge-conflict {"startup":true,"extensionId":{"value":"vscode.merge-conflict","_lower":"vscode.merge-conflict"},"activationEvent":"*"}
[2020-12-03 13:27:49.846] [exthost] [info] ExtensionService#loadCommonJSModule file:///usr/lib/code-server/lib/vscode/extensions/merge-conflict/dist/mergeConflictMain
[2020-12-03 13:27:49.851] [exthost] [info] ExtensionService#_doActivateExtension vscode.search-result {"startup":true,"extensionId":{"value":"vscode.search-result","_lower":"vscode.search-result"},"activationEvent":"*"}
[2020-12-03 13:27:49.851] [exthost] [info] ExtensionService#loadCommonJSModule file:///usr/lib/code-server/lib/vscode/extensions/search-result/dist/extension.js
[2020-12-03 13:27:49.852] [exthost] [info] ExtensionService#_doActivateExtension kube.42header {"startup":true,"extensionId":{"value":"kube.42header","_lower":"kube.42header"},"activationEvent":"*"}
[2020-12-03 13:27:49.852] [exthost] [info] ExtensionService#loadCommonJSModule file:///home/vnedina-/.local/share/code-server/extensions/kube.42header-0.42.7/out/src/extension
[2020-12-03 13:27:50.310] [exthost] [info] ExtensionService#_doActivateExtension vscode.github {"startup":true,"extensionId":{"value":"vscode.github","_lower":"vscode.github"},"activationEvent":"*"}
[2020-12-03 13:27:50.310] [exthost] [info] ExtensionService#loadCommonJSModule file:///usr/lib/code-server/lib/vscode/extensions/github/dist/extension.js
[2020-12-03 13:27:50.726] [exthost] [info] eager extensions activated
[2020-12-03 19:26:42.256] [exthost] [error] onWillSaveTextDocument-listener from extension 'kube.42header' threw ERROR
[2020-12-03 19:26:42.258] [exthost] [error] Error: concurrent_edits
	at /usr/lib/code-server/lib/vscode/out/vs/workbench/services/extensions/node/extensionHostProcess.js:621:890
	at runMicrotasks (<anonymous>)
	at processTicksAndRejections (internal/process/task_queues.js:97:5)
	at async t.ExtHostDocumentSaveParticipant.$participateInSave (/usr/lib/code-server/lib/vscode/out/vs/workbench/services/extensions/node/extensionHostProcess.js:620:87)
[2020-12-03 20:04:01.358] [exthost] [info] extension host started
[2020-12-03 20:04:01.895] [exthost] [info] ExtensionService#_doActivateExtension vscode.debug-auto-launch {"startup":true,"extensionId":{"value":"vscode.debug-auto-launch","_lower":"vscode.debug-auto-launch"},"activationEvent":"*"}
[2020-12-03 20:04:01.896] [exthost] [info] ExtensionService#loadCommonJSModule file:///usr/lib/code-server/lib/vscode/extensions/debug-auto-launch/dist/extension
[2020-12-03 20:04:01.904] [exthost] [info] ExtensionService#_doActivateExtension vscode.emmet {"startup":true,"extensionId":{"value":"vscode.emmet","_lower":"vscode.emmet"},"activationEvent":"*"}
[2020-12-03 20:04:01.904] [exthost] [info] ExtensionService#loadCommonJSModule file:///usr/lib/code-server/lib/vscode/extensions/emmet/dist/node/emmetNodeMain
[2020-12-03 20:04:01.936] [exthost] [info] ExtensionService#_doActivateExtension vscode.git {"startup":true,"extensionId":{"value":"vscode.github","_lower":"vscode.github"},"activationEvent":"*"}
[2020-12-03 20:04:01.936] [exthost] [info] ExtensionService#loadCommonJSModule file:///usr/lib/code-server/lib/vscode/extensions/git/dist/main
[2020-12-03 20:04:02.009] [exthost] [info] ExtensionService#_doActivateExtension vscode.merge-conflict {"startup":true,"extensionId":{"value":"vscode.merge-conflict","_lower":"vscode.merge-conflict"},"activationEvent":"*"}
[2020-12-03 20:04:02.009] [exthost] [info] ExtensionService#loadCommonJSModule file:///usr/lib/code-server/lib/vscode/extensions/merge-conflict/dist/mergeConflictMain
[2020-12-03 20:04:02.014] [exthost] [info] ExtensionService#_doActivateExtension vscode.search-result {"startup":true,"extensionId":{"value":"vscode.search-result","_lower":"vscode.search-result"},"activationEvent":"*"}
[2020-12-03 20:04:02.014] [exthost] [info] ExtensionService#loadCommonJSModule file:///usr/lib/code-server/lib/vscode/extensions/search-result/dist/extension.js
[2020-12-03 20:04:02.016] [exthost] [info] ExtensionService#_doActivateExtension kube.42header {"startup":true,"extensionId":{"value":"kube.42header","_lower":"kube.42header"},"activationEvent":"*"}
[2020-12-03 20:04:02.016] [exthost] [info] ExtensionService#loadCommonJSModule file:///home/vnedina-/.local/share/code-server/extensions/kube.42header-0.42.7/out/src/extension
[2020-12-03 20:04:02.766] [exthost] [info] ExtensionService#_doActivateExtension vscode.github {"startup":true,"extensionId":{"value":"vscode.github","_lower":"vscode.github"},"activationEvent":"*"}
[2020-12-03 20:04:02.767] [exthost] [info] ExtensionService#loadCommonJSModule file:///usr/lib/code-server/lib/vscode/extensions/github/dist/extension.js
[2020-12-03 20:04:03.349] [exthost] [info] eager extensions activated
